C51 COMPILER V9.60.0.0   1                                                                 11/29/2021 21:04:55 PAGE 1   


C51 COMPILER V9.60.0.0, COMPILATION OF MODULE 1
OBJECT MODULE PLACED IN .\Objects\1.obj
COMPILER INVOKED BY: C:\Keil_v5\C51\BIN\C51.EXE 1.c OPTIMIZE(8,SPEED) BROWSE DEBUG OBJECTEXTEND PRINT(.\Listings\1.lst) 
                    -TABS(2) OBJECT(.\Objects\1.obj)

line level    source

   1          #include "reg51.h"
   2          #include "stdio.h"
   3          #include "lcd1602.h"
   4          #include "DS18B20.h"
   5          
   6          #define u8 unsigned char
   7          #define u16 unsigned int
   8          
   9          sbit A1 = P1^0;
  10          sbit A2 = P1^1;
  11          sbit A3 = P1^2;
  12          sbit A4 = P1^3;
  13          sbit BEEP = P1^6;
  14          sbit KEY1 = P2^0;
  15          sbit KEY2 = P2^1;
  16          sbit Smoke = P2^2;
  17          
  18          u8 Motor_Tick = 0,Motor_Time = 6;
  19          u8 table1[16] = "",table2[16] = "    SMOKE:YES   ",table3[16] = "    SMOKE:NO    ";
  20          u8 FireTmp = 25;//set fire tmp
  21          float T;
  22          /***********************************/
  23          void Delay(time);
  24          void Motor();
  25          void Timer();
  26          void initT0();
  27          void LCD();
  28          void DS18B20();
  29          void Fire();
  30          u8 YanWu();
  31          /***********************************/
  32          int main(){
  33   1        u8 Tick = 1;bit KEY_value = !KEY2;
  34   1        initT0();lcd_init();DS18B20_ConvertT();
  35   1        Delay(100);
  36   1        BEEP = 1;
  37   1        KEY1 = 1;KEY2 = 1;
  38   1        lcd_wcom(0x01);
  39   1        while(1){
  40   2          Motor();DS18B20();Fire();//LCD();
  41   2          if(KEY1 == 0 && Tick == 1){
  42   3            Delay(10);
  43   3            Tick = 0;
  44   3            if(KEY1 == 0){
  45   4              FireTmp++;
  46   4              BEEP = 0;Delay(50);BEEP = 1;
  47   4              if(FireTmp == 45)
  48   4                FireTmp = 20;
  49   4            }
  50   3          }
  51   2          else if(KEY1 == 1)
  52   2            Tick = 1;
  53   2      /***********************************/
  54   2          
C51 COMPILER V9.60.0.0   1                                                                 11/29/2021 21:04:55 PAGE 2   

  55   2          if(KEY2){
  56   3            Motor_Tick = 1;
  57   3          }
  58   2          else{
  59   3            Motor_Tick = 2;
  60   3          }
  61   2          if(KEY2==KEY_value){
  62   3            Motor_Time=0;
  63   3            KEY_value=!KEY_value;
  64   3          }   
  65   2        }
  66   1      }
  67          
  68          void Fire(){
  69   1        u8 i = 0,Tick = 1;
  70   1        i = YanWu();
  71   1        if(T >= FireTmp && T <= 50 && i == 0 && Tick == 1){
  72   2          Delay(20);
  73   2          Tick = 0;
  74   2          if(T >= FireTmp && T <= 50 && i == 0){
  75   3            Motor_Time = 0;BEEP = 0;
  76   3          }
  77   2        }
  78   1        else{
  79   2          BEEP = 1;
  80   2          Tick = 1;
  81   2        }
  82   1      }
  83          
  84          void DS18B20(){
  85   1        DS18B20_ConvertT();
  86   1        Delay(10);
  87   1        T = DS18B20_ReadT() - 4;
  88   1      }
  89          
  90          void LCD(){
  91   1        u16 num = T,num1 = FireTmp,i;
  92   1        u16 num2 = (unsigned long)(T*100)%100;
  93   1        sprintf(table1,"Tmp:%d.%d YZ-%d ",num,num2,num1); 
  94   1        for(i = 0;i < 16;i++){
  95   2          DisplayOneChar(i,0,table1[i]);
  96   2          if(YanWu() == 0)
  97   2            DisplayOneChar(i,1,table2[i]);
  98   2          else
  99   2            DisplayOneChar(i,1,table3[i]);
 100   2        }
 101   1      }
 102          
 103          u8 YanWu(){
 104   1        if(Smoke == 0){
 105   2          return 0;  //YES
 106   2        }
 107   1        else
 108   1          return 1;  //NO
 109   1      }
 110          
 111          void Motor(){
 112   1        if(Motor_Tick == 1){
 113   2          if(Motor_Time < 5){
 114   3            A1 = 1;A2 = 0;A3 = 0;A4 = 0;Delay(5);
 115   3            A1 = 0;A2 = 1;A3 = 0;A4 = 0;Delay(5);
 116   3            A1 = 0;A2 = 0;A3 = 1;A4 = 0;Delay(5);
C51 COMPILER V9.60.0.0   1                                                                 11/29/2021 21:04:55 PAGE 3   

 117   3            A1 = 0;A2 = 0;A3 = 0;A4 = 1;Delay(5);
 118   3          }
 119   2          else{
 120   3            A1 = 0;A2 = 0;A3 = 0;A4 = 0;
 121   3          }
 122   2        }
 123   1        else if(Motor_Tick == 2){
 124   2          if(Motor_Time < 5){
 125   3            A1 = 0;A2 = 0;A3 = 0;A4 = 1;Delay(5);
 126   3            A1 = 0;A2 = 0;A3 = 1;A4 = 0;Delay(5);
 127   3            A1 = 0;A2 = 1;A3 = 0;A4 = 0;Delay(5);
 128   3            A1 = 1;A2 = 0;A3 = 0;A4 = 0;Delay(5);
 129   3          }
 130   2          else{
 131   3            A1 = 0;A2 = 0;A3 = 0;A4 = 0;
 132   3          }
 133   2        }
 134   1      }
 135          
 136          void Timer() interrupt 1{
 137   1        u8 num;
 138   1        TH0 = (65536 - 10000) / 256;
 139   1        TL0 = (65536 - 10000) % 256;
 140   1        num++;
 141   1        if(num == 200){
 142   2          num = 0;
 143   2          Motor_Time++;
 144   2          LCD();
 145   2        }
 146   1      }
 147          
 148          void initT0(){
 149   1        TMOD = 0x01;
 150   1        TH0 = (65536 - 10000) / 256;
 151   1        TL0 = (65536 - 10000) % 256;
 152   1        EA = 1;
 153   1        ET0 = 1;
 154   1        TR0 = 1;
 155   1      }
 156          
 157          void Delay(time){
 158   1        u8 i,j;
 159   1        for(i = 0;i < time;i++){
 160   2          for(j = 0;j < 110;j++);
 161   2        }
 162   1      }


MODULE INFORMATION:   STATIC OVERLAYABLE
   CODE SIZE        =    685    ----
   CONSTANT SIZE    =     17    ----
   XDATA SIZE       =   ----    ----
   PDATA SIZE       =   ----    ----
   DATA SIZE        =     55      10
   IDATA SIZE       =   ----    ----
   BIT SIZE         =   ----       1
END OF MODULE INFORMATION.


C51 COMPILATION COMPLETE.  0 WARNING(S),  0 ERROR(S)
