C51 COMPILER V9.60.0.0   LCD                                                               11/28/2021 01:24:38 PAGE 1   


C51 COMPILER V9.60.0.0, COMPILATION OF MODULE LCD
OBJECT MODULE PLACED IN .\Objects\lcd.obj
COMPILER INVOKED BY: D:\Program Files (x86)\Keil_v5\C51\BIN\C51.EXE lcd.c OPTIMIZE(8,SPEED) BROWSE DEBUG OBJECTEXTEND PR
                    -INT(.\Listings\lcd.lst) TABS(2) OBJECT(.\Objects\lcd.obj)

line level    source

   1          #include "lcd.h"
   2          
   3          
   4          void Lcd1602_Delay1ms(uint c)   
   5          {
   6   1          uchar a,b;
   7   1        for (; c>0; c--)
   8   1        {
   9   2           for (b=199;b>0;b--)
  10   2           {
  11   3              for(a=1;a>0;a--);
  12   3           }      
  13   2        }
  14   1            
  15   1      }
  16          
  17          
  18          
  19          #ifndef   LCD1602_4PINS  
  20          void LcdWriteCom(uchar com)   
  21          {
  22   1        LCD1602_E = 0;     
  23   1        LCD1602_RS = 0;    
  24   1        LCD1602_RW = 0;    
  25   1        
  26   1        LCD1602_DATAPINS = com;     
  27   1        Lcd1602_Delay1ms(1);    
  28   1      
  29   1        LCD1602_E = 1;            
  30   1        Lcd1602_Delay1ms(5);   
  31   1        LCD1602_E = 0;
  32   1      }
  33          #else 
              void LcdWriteCom(uchar com)  
              {
                LCD1602_E = 0;   
                LCD1602_RS = 0; 
                LCD1602_RW = 0;  
              
                LCD1602_DATAPINS = com; 
                Lcd1602_Delay1ms(1);
              
                LCD1602_E = 1;  
                Lcd1602_Delay1ms(5);
                LCD1602_E = 0;
              
                LCD1602_DATAPINS = com << 4; 
                Lcd1602_Delay1ms(1);
              
                LCD1602_E = 1;   
                Lcd1602_Delay1ms(5);
                LCD1602_E = 0;
              }
              #endif
C51 COMPILER V9.60.0.0   LCD                                                               11/28/2021 01:24:38 PAGE 2   

  55          
  56          
  57          #ifndef   LCD1602_4PINS      
  58          void LcdWriteData(uchar dat)      
  59          {
  60   1        LCD1602_E = 0;  
  61   1        LCD1602_RS = 1; 
  62   1        LCD1602_RW = 0; 
  63   1      
  64   1        LCD1602_DATAPINS = dat; 
  65   1        Lcd1602_Delay1ms(1);
  66   1      
  67   1        LCD1602_E = 1;   
  68   1        Lcd1602_Delay1ms(5);   
  69   1        LCD1602_E = 0;
  70   1      }
  71          #else
              void LcdWriteData(uchar dat)      
              {
                LCD1602_E = 0;   
                LCD1602_RS = 1;   
                LCD1602_RW = 0;   
              
                LCD1602_DATAPINS = dat; 
                Lcd1602_Delay1ms(1);
              
                LCD1602_E = 1;   
                Lcd1602_Delay1ms(5);
                LCD1602_E = 0;
              
                LCD1602_DATAPINS = dat << 4; 
                Lcd1602_Delay1ms(1);
              
                LCD1602_E = 1;   
                Lcd1602_Delay1ms(5);
                LCD1602_E = 0;
              }
              #endif
  93          
  94          
  95          #ifndef   LCD1602_4PINS
  96          void LcdInit()             
  97          {
  98   1        LcdWriteCom(0x38);
  99   1        LcdWriteCom(0x0c);
 100   1        LcdWriteCom(0x06);
 101   1        LcdWriteCom(0x01);
 102   1        LcdWriteCom(0x80);
 103   1      }
 104          #else
              void LcdInit()    
              {
                LcdWriteCom(0x32);  
                LcdWriteCom(0x28);  
                LcdWriteCom(0x0c);  
                LcdWriteCom(0x06);  
                LcdWriteCom(0x01);  
                LcdWriteCom(0x80);  
              }
              #endif


C51 COMPILER V9.60.0.0   LCD                                                               11/28/2021 01:24:38 PAGE 3   

MODULE INFORMATION:   STATIC OVERLAYABLE
   CODE SIZE        =    109    ----
   CONSTANT SIZE    =   ----    ----
   XDATA SIZE       =   ----    ----
   PDATA SIZE       =   ----    ----
   DATA SIZE        =   ----    ----
   IDATA SIZE       =   ----    ----
   BIT SIZE         =   ----    ----
END OF MODULE INFORMATION.


C51 COMPILATION COMPLETE.  0 WARNING(S),  0 ERROR(S)
