C51 COMPILER V9.60.0.0   LCD1602                                                           11/29/2021 21:04:55 PAGE 1   


C51 COMPILER V9.60.0.0, COMPILATION OF MODULE LCD1602
OBJECT MODULE PLACED IN .\Objects\lcd1602.obj
COMPILER INVOKED BY: C:\Keil_v5\C51\BIN\C51.EXE lcd1602.c OPTIMIZE(8,SPEED) BROWSE DEBUG OBJECTEXTEND PRINT(.\Listings\l
                    -cd1602.lst) TABS(2) OBJECT(.\Objects\lcd1602.obj)

line level    source

   1          #include "lcd1602.h"
   2            
   3          void delay_ms(unsigned int ms){
   4   1        unsigned int a,b;
   5   1        for(a=ms;a>0;a--)
   6   1        for(b=123;b>0;b--);
   7   1      }
   8          /*******************************************************************
   9          功能描述：LCD1602写命令函数 
  10          ********************************************************************/
  11          void lcd_wcom(uint8 com)                 
  12          { 
  13   1          lcd1602_rs=0;              
  14   1          lcd1602_rw=0;
  15   1          LCDDATA=com;                   
  16   1          delay_ms(1);       
  17   1      
  18   1          lcd1602_en=1;           
  19   1          lcd1602_en=0;            
  20   1      } 
  21          
  22          /*******************************************************************
  23          功能描述：LCD1602写数据函数 
  24          ********************************************************************/
  25          void lcd_wdat(uint8 dat)          
  26          { 
  27   1          lcd1602_rs=1;             
  28   1          lcd1602_rw=0;               
  29   1          LCDDATA=dat;                     
  30   1          delay_ms(1);                
  31   1        
  32   1          lcd1602_en=1;               
  33   1          lcd1602_en=0;            
  34   1      } 
  35          
  36          /*******************************************************************
  37          功能描述：LCD1602初始化函数 
  38          ********************************************************************/
  39          void lcd_init(void)                 
  40          { 
  41   1          lcd_wcom(0x3c);          
  42   1          lcd_wcom(0x0c);       //开启显示屏
  43   1          lcd_wcom(0x06);       //显示地址递增，即写一个数据后，显示位置右移一位 
  44   1          lcd_wcom(0x01);       //清屏 
  45   1      }     
  46          
  47          /*******************************************************************
  48          功能描述：LCD1602按指定位置显示一个字符
  49          ********************************************************************/
  50          void DisplayOneChar(uint8 X, uint8 Y, uint8 DData)
  51          {
  52   1        Y &= 0x1;
  53   1        X &= 0xF; //限制X不能大于15，Y不能大于1
  54   1        if (Y) X |= 0x40; //当要显示第二行时地址码+0x40;
C51 COMPILER V9.60.0.0   LCD1602                                                           11/29/2021 21:04:55 PAGE 2   

  55   1        X |= 0x80; //算出指令码
  56   1        lcd_wcom(X); //发命令字
  57   1        lcd_wdat(DData); //发数据
  58   1      }
  59          
  60          /*******************************************************************
  61          功能描述：LCD1602按指定位置显示一串字符
  62          入口参数：uint8 X, uint8 Y, uint8 DData  X代表第X+1列，Y代表第Y+1行
  63          ********************************************************************/
  64          void DisplayListChar(uint8 X, uint8 Y, uint8 code *DData)
  65          {
  66   1        uint8 ListLength;
  67   1      
  68   1        ListLength = 0;
  69   1        Y &= 0x1;
  70   1        X &= 0xF; //限制X不能大于15，Y不能大于1
  71   1        while (DData[ListLength]>0x19) //若到达字串尾则退出
  72   1          {
  73   2            if (X <= 0xF)        //X坐标应小于0xF
  74   2              {
  75   3                DisplayOneChar(X, Y, DData[ListLength]); //显示单个字符
  76   3                ListLength++;
  77   3                X++;
  78   3              }
  79   2          }
  80   1      }
  81          bit LCD_Check_Busy(void) 
  82           { 
  83   1        LCDDATA= 0xFF; 
  84   1        lcd1602_rs=0; 
  85   1        lcd1602_rw=1; 
  86   1        lcd1602_en=0; 
  87   1        delay_ms(1); 
  88   1        lcd1602_en=1;
  89   1        return (bit)(LCDDATA & 0x80);
  90   1       }
  91          /*********************************END FILE********************************************/ 
  92          


MODULE INFORMATION:   STATIC OVERLAYABLE
   CODE SIZE        =    183    ----
   CONSTANT SIZE    =   ----    ----
   XDATA SIZE       =   ----    ----
   PDATA SIZE       =   ----    ----
   DATA SIZE        =   ----       3
   IDATA SIZE       =   ----    ----
   BIT SIZE         =   ----    ----
END OF MODULE INFORMATION.


C51 COMPILATION COMPLETE.  0 WARNING(S),  0 ERROR(S)
